2026-03-31 11:09:39 INFO  Application starting up...
2026-03-31 11:09:09 INFO  Loading configuration from /etc/app/config.yaml
2026-03-31 11:08:39 INFO  Database connection pool initialized (size=10)
2026-03-31 11:08:09 INFO  Message queue connected: amqp://rabbitmq:5672
2026-03-31 11:07:39 INFO  HTTP server listening on :8080
2026-03-31 11:07:09 DEBUG Incoming request: GET /api/status
2026-03-31 11:06:39 DEBUG Cache lookup: HIT for key=status_v2
2026-03-31 11:06:09 WARN  Memory usage above 75%: 3.1GB / 4GB
2026-03-31 11:05:39 INFO  Background job scheduler started, next run in 60s
2026-03-31 11:05:09 DEBUG Incoming request: POST /api/ingest
2026-03-31 11:04:39 INFO  Ingested 1500 records in 230ms
2026-03-31 11:04:09 ERROR Failed to send email notification: SMTP connection refused (host=smtp.example.com:587)
2026-03-31 11:03:39 WARN  Retrying email send in 30s (attempt 1/3)
2026-03-31 11:03:09 WARN  Retrying email send in 30s (attempt 2/3)
2026-03-31 11:02:39 ERROR Email notification failed after 3 attempts. Dropping message.
2026-03-31 11:02:09 INFO  Scheduled cleanup: removed 412 expired sessions
2026-03-31 11:01:39 WARN  Slow query detected (450ms): SELECT * FROM events WHERE user_id=?
2026-03-31 11:01:09 DEBUG Incoming request: GET /metrics
2026-03-31 11:00:39 INFO  Health check: OK (uptime=540s, memory=3.1GB, cpu=12%)
2026-03-31 11:00:09 FATAL Unhandled exception in worker thread: NullPointerException at line 342
